2017/03/03 10:26:57 [error] [exception.CHttpException.404] exception 'CHttpException' with message 'The system is unable to find the requested action "site".' in C:\wamp\www\screen\framework\web\CController.php:483
Stack trace:
#0 C:\wamp\www\screen\framework\web\CController.php(270): CController->missingAction('site')
#1 C:\wamp\www\screen\framework\web\CWebApplication.php(282): CController->run('site')
#2 C:\wamp\www\screen\framework\web\CWebApplication.php(141): CWebApplication->runController('user/site/logou...')
#3 C:\wamp\www\screen\framework\base\CApplication.php(185): CWebApplication->processRequest()
#4 C:\wamp\www\screen\web\index.php(13): CApplication->run()
#5 {main}
REQUEST_URI=/screen/web/index.php/user/site/logout
HTTP_REFERER=http://localhost/screen/web/index.php/user/1
---
2017/03/03 10:28:31 [error] [exception.CException] exception 'CException' with message 'Property "LoginForm.user_email" is not defined.' in C:\wamp\www\screen\framework\base\CComponent.php:130
Stack trace:
#0 C:\wamp\www\screen\framework\web\helpers\CHtml.php(2729): CComponent->__get('user_email')
#1 C:\wamp\www\screen\framework\web\helpers\CHtml.php(2452): CHtml::resolveValue(Object(LoginForm), 'user_email')
#2 C:\wamp\www\screen\framework\web\helpers\CHtml.php(1534): CHtml::activeInputField('text', Object(LoginForm), 'user_email', Array)
#3 C:\wamp\www\screen\framework\web\widgets\CActiveForm.php(792): CHtml::activeTextField(Object(LoginForm), 'user_email', Array)
#4 C:\wamp\www\screen\web\protected\views\site\login.php(29): CActiveForm->textField(Object(LoginForm), 'user_email')
#5 C:\wamp\www\screen\framework\web\CBaseController.php(126): require('C:\\wamp\\www\\scr...')
#6 C:\wamp\www\screen\framework\web\CBaseController.php(95): CBaseController->renderInternal('C:\\wamp\\www\\scr...', Array, true)
#7 C:\wamp\www\screen\framework\web\CController.php(869): CBaseController->renderFile('C:\\wamp\\www\\scr...', Array, true)
#8 C:\wamp\www\screen\framework\web\CController.php(782): CController->renderPartial('login', Array, true)
#9 C:\wamp\www\screen\web\protected\controllers\SiteController.php(98): CController->render('login', Array)
#10 C:\wamp\www\screen\framework\web\actions\CInlineAction.php(49): SiteController->actionLogin()
#11 C:\wamp\www\screen\framework\web\CController.php(308): CInlineAction->runWithParams(Array)
#12 C:\wamp\www\screen\framework\web\CController.php(286): CController->runAction(Object(CInlineAction))
#13 C:\wamp\www\screen\framework\web\CController.php(265): CController->runActionWithFilters(Object(CInlineAction), Array)
#14 C:\wamp\www\screen\framework\web\CWebApplication.php(282): CController->run('login')
#15 C:\wamp\www\screen\framework\web\CWebApplication.php(141): CWebApplication->runController('site/login')
#16 C:\wamp\www\screen\framework\base\CApplication.php(185): CWebApplication->processRequest()
#17 C:\wamp\www\screen\web\index.php(13): CApplication->run()
#18 {main}
REQUEST_URI=/screen/web/index.php/site/login
HTTP_REFERER=http://localhost/screen/web/index.php
---
2017/03/03 10:28:53 [error] [exception.CException] exception 'CException' with message 'Property "LoginForm.user_email" is not defined.' in C:\wamp\www\screen\framework\base\CComponent.php:130
Stack trace:
#0 C:\wamp\www\screen\framework\web\helpers\CHtml.php(2729): CComponent->__get('user_email')
#1 C:\wamp\www\screen\framework\web\helpers\CHtml.php(2452): CHtml::resolveValue(Object(LoginForm), 'user_email')
#2 C:\wamp\www\screen\framework\web\helpers\CHtml.php(1534): CHtml::activeInputField('text', Object(LoginForm), 'user_email', Array)
#3 C:\wamp\www\screen\framework\web\widgets\CActiveForm.php(792): CHtml::activeTextField(Object(LoginForm), 'user_email', Array)
#4 C:\wamp\www\screen\web\protected\views\site\login.php(29): CActiveForm->textField(Object(LoginForm), 'user_email')
#5 C:\wamp\www\screen\framework\web\CBaseController.php(126): require('C:\\wamp\\www\\scr...')
#6 C:\wamp\www\screen\framework\web\CBaseController.php(95): CBaseController->renderInternal('C:\\wamp\\www\\scr...', Array, true)
#7 C:\wamp\www\screen\framework\web\CController.php(869): CBaseController->renderFile('C:\\wamp\\www\\scr...', Array, true)
#8 C:\wamp\www\screen\framework\web\CController.php(782): CController->renderPartial('login', Array, true)
#9 C:\wamp\www\screen\web\protected\controllers\SiteController.php(98): CController->render('login', Array)
#10 C:\wamp\www\screen\framework\web\actions\CInlineAction.php(49): SiteController->actionLogin()
#11 C:\wamp\www\screen\framework\web\CController.php(308): CInlineAction->runWithParams(Array)
#12 C:\wamp\www\screen\framework\web\CController.php(286): CController->runAction(Object(CInlineAction))
#13 C:\wamp\www\screen\framework\web\CController.php(265): CController->runActionWithFilters(Object(CInlineAction), Array)
#14 C:\wamp\www\screen\framework\web\CWebApplication.php(282): CController->run('login')
#15 C:\wamp\www\screen\framework\web\CWebApplication.php(141): CWebApplication->runController('site/login')
#16 C:\wamp\www\screen\framework\base\CApplication.php(185): CWebApplication->processRequest()
#17 C:\wamp\www\screen\web\index.php(13): CApplication->run()
#18 {main}
REQUEST_URI=/screen/web/index.php/site/login
HTTP_REFERER=http://localhost/screen/web/index.php
---
2017/03/03 10:41:08 [error] [exception.CException] exception 'CException' with message 'Property "UserIdentity.user_email" is not defined.' in C:\wamp\www\screen\framework\base\CComponent.php:130
Stack trace:
#0 C:\wamp\www\screen\web\protected\components\UserIdentity.php(33): CComponent->__get('user_email')
#1 C:\wamp\www\screen\web\protected\models\LoginForm.php(52): UserIdentity->authenticate()
#2 C:\wamp\www\screen\framework\validators\CInlineValidator.php(42): LoginForm->authenticate('password', Array)
#3 C:\wamp\www\screen\framework\validators\CValidator.php(201): CInlineValidator->validateAttribute(Object(LoginForm), 'password')
#4 C:\wamp\www\screen\framework\base\CModel.php(159): CValidator->validate(Object(LoginForm), NULL)
#5 C:\wamp\www\screen\web\protected\controllers\SiteController.php(94): CModel->validate()
#6 C:\wamp\www\screen\framework\web\actions\CInlineAction.php(49): SiteController->actionLogin()
#7 C:\wamp\www\screen\framework\web\CController.php(308): CInlineAction->runWithParams(Array)
#8 C:\wamp\www\screen\framework\web\CController.php(286): CController->runAction(Object(CInlineAction))
#9 C:\wamp\www\screen\framework\web\CController.php(265): CController->runActionWithFilters(Object(CInlineAction), Array)
#10 C:\wamp\www\screen\framework\web\CWebApplication.php(282): CController->run('login')
#11 C:\wamp\www\screen\framework\web\CWebApplication.php(141): CWebApplication->runController('site/login')
#12 C:\wamp\www\screen\framework\base\CApplication.php(185): CWebApplication->processRequest()
#13 C:\wamp\www\screen\web\index.php(13): CApplication->run()
#14 {main}
REQUEST_URI=/screen/web/index.php/site/login
HTTP_REFERER=http://localhost/screen/web/index.php/site/login
---
2017/03/03 10:41:48 [error] [exception.CDbException] exception 'CDbException' with message 'Table "t_user" does not have a column named "username".' in C:\wamp\www\screen\framework\db\schema\CDbCommandBuilder.php:697
Stack trace:
#0 C:\wamp\www\screen\framework\db\ar\CActiveRecord.php(1523): CDbCommandBuilder->createColumnCriteria(Object(CMysqlTableSchema), Array, '', Array, '`t`.')
#1 C:\wamp\www\screen\web\protected\components\UserIdentity.php(34): CActiveRecord->findByAttributes(Array)
#2 C:\wamp\www\screen\web\protected\models\LoginForm.php(52): UserIdentity->authenticate()
#3 C:\wamp\www\screen\framework\validators\CInlineValidator.php(42): LoginForm->authenticate('password', Array)
#4 C:\wamp\www\screen\framework\validators\CValidator.php(201): CInlineValidator->validateAttribute(Object(LoginForm), 'password')
#5 C:\wamp\www\screen\framework\base\CModel.php(159): CValidator->validate(Object(LoginForm), NULL)
#6 C:\wamp\www\screen\web\protected\controllers\SiteController.php(94): CModel->validate()
#7 C:\wamp\www\screen\framework\web\actions\CInlineAction.php(49): SiteController->actionLogin()
#8 C:\wamp\www\screen\framework\web\CController.php(308): CInlineAction->runWithParams(Array)
#9 C:\wamp\www\screen\framework\web\CController.php(286): CController->runAction(Object(CInlineAction))
#10 C:\wamp\www\screen\framework\web\CController.php(265): CController->runActionWithFilters(Object(CInlineAction), Array)
#11 C:\wamp\www\screen\framework\web\CWebApplication.php(282): CController->run('login')
#12 C:\wamp\www\screen\framework\web\CWebApplication.php(141): CWebApplication->runController('site/login')
#13 C:\wamp\www\screen\framework\base\CApplication.php(185): CWebApplication->processRequest()
#14 C:\wamp\www\screen\web\index.php(13): CApplication->run()
#15 {main}
REQUEST_URI=/screen/web/index.php/site/login
HTTP_REFERER=http://localhost/screen/web/index.php/site/login
---
2017/03/03 10:41:48 [error] [exception.CDbException] exception 'CDbException' with message 'Table "t_user" does not have a column named "username".' in C:\wamp\www\screen\framework\db\schema\CDbCommandBuilder.php:697
Stack trace:
#0 C:\wamp\www\screen\framework\db\ar\CActiveRecord.php(1523): CDbCommandBuilder->createColumnCriteria(Object(CMysqlTableSchema), Array, '', Array, '`t`.')
#1 C:\wamp\www\screen\web\protected\components\UserIdentity.php(34): CActiveRecord->findByAttributes(Array)
#2 C:\wamp\www\screen\web\protected\models\LoginForm.php(52): UserIdentity->authenticate()
#3 C:\wamp\www\screen\framework\validators\CInlineValidator.php(42): LoginForm->authenticate('password', Array)
#4 C:\wamp\www\screen\framework\validators\CValidator.php(201): CInlineValidator->validateAttribute(Object(LoginForm), 'password')
#5 C:\wamp\www\screen\framework\base\CModel.php(159): CValidator->validate(Object(LoginForm), NULL)
#6 C:\wamp\www\screen\web\protected\controllers\SiteController.php(94): CModel->validate()
#7 C:\wamp\www\screen\framework\web\actions\CInlineAction.php(49): SiteController->actionLogin()
#8 C:\wamp\www\screen\framework\web\CController.php(308): CInlineAction->runWithParams(Array)
#9 C:\wamp\www\screen\framework\web\CController.php(286): CController->runAction(Object(CInlineAction))
#10 C:\wamp\www\screen\framework\web\CController.php(265): CController->runActionWithFilters(Object(CInlineAction), Array)
#11 C:\wamp\www\screen\framework\web\CWebApplication.php(282): CController->run('login')
#12 C:\wamp\www\screen\framework\web\CWebApplication.php(141): CWebApplication->runController('site/login')
#13 C:\wamp\www\screen\framework\base\CApplication.php(185): CWebApplication->processRequest()
#14 C:\wamp\www\screen\web\index.php(13): CApplication->run()
#15 {main}
REQUEST_URI=/screen/web/index.php/site/login
HTTP_REFERER=http://localhost/screen/web/index.php/site/login
---
2017/03/03 10:42:10 [error] [exception.CDbException] exception 'CDbException' with message 'Table "t_user" does not have a column named "username".' in C:\wamp\www\screen\framework\db\schema\CDbCommandBuilder.php:697
Stack trace:
#0 C:\wamp\www\screen\framework\db\ar\CActiveRecord.php(1523): CDbCommandBuilder->createColumnCriteria(Object(CMysqlTableSchema), Array, '', Array, '`t`.')
#1 C:\wamp\www\screen\web\protected\components\UserIdentity.php(34): CActiveRecord->findByAttributes(Array)
#2 C:\wamp\www\screen\web\protected\models\LoginForm.php(52): UserIdentity->authenticate()
#3 C:\wamp\www\screen\framework\validators\CInlineValidator.php(42): LoginForm->authenticate('password', Array)
#4 C:\wamp\www\screen\framework\validators\CValidator.php(201): CInlineValidator->validateAttribute(Object(LoginForm), 'password')
#5 C:\wamp\www\screen\framework\base\CModel.php(159): CValidator->validate(Object(LoginForm), NULL)
#6 C:\wamp\www\screen\web\protected\controllers\SiteController.php(94): CModel->validate()
#7 C:\wamp\www\screen\framework\web\actions\CInlineAction.php(49): SiteController->actionLogin()
#8 C:\wamp\www\screen\framework\web\CController.php(308): CInlineAction->runWithParams(Array)
#9 C:\wamp\www\screen\framework\web\CController.php(286): CController->runAction(Object(CInlineAction))
#10 C:\wamp\www\screen\framework\web\CController.php(265): CController->runActionWithFilters(Object(CInlineAction), Array)
#11 C:\wamp\www\screen\framework\web\CWebApplication.php(282): CController->run('login')
#12 C:\wamp\www\screen\framework\web\CWebApplication.php(141): CWebApplication->runController('site/login')
#13 C:\wamp\www\screen\framework\base\CApplication.php(185): CWebApplication->processRequest()
#14 C:\wamp\www\screen\web\index.php(13): CApplication->run()
#15 {main}
REQUEST_URI=/screen/web/index.php/site/login
HTTP_REFERER=http://localhost/screen/web/index.php/site/login
---
2017/03/03 10:42:10 [error] [exception.CDbException] exception 'CDbException' with message 'Table "t_user" does not have a column named "username".' in C:\wamp\www\screen\framework\db\schema\CDbCommandBuilder.php:697
Stack trace:
#0 C:\wamp\www\screen\framework\db\ar\CActiveRecord.php(1523): CDbCommandBuilder->createColumnCriteria(Object(CMysqlTableSchema), Array, '', Array, '`t`.')
#1 C:\wamp\www\screen\web\protected\components\UserIdentity.php(34): CActiveRecord->findByAttributes(Array)
#2 C:\wamp\www\screen\web\protected\models\LoginForm.php(52): UserIdentity->authenticate()
#3 C:\wamp\www\screen\framework\validators\CInlineValidator.php(42): LoginForm->authenticate('password', Array)
#4 C:\wamp\www\screen\framework\validators\CValidator.php(201): CInlineValidator->validateAttribute(Object(LoginForm), 'password')
#5 C:\wamp\www\screen\framework\base\CModel.php(159): CValidator->validate(Object(LoginForm), NULL)
#6 C:\wamp\www\screen\web\protected\controllers\SiteController.php(94): CModel->validate()
#7 C:\wamp\www\screen\framework\web\actions\CInlineAction.php(49): SiteController->actionLogin()
#8 C:\wamp\www\screen\framework\web\CController.php(308): CInlineAction->runWithParams(Array)
#9 C:\wamp\www\screen\framework\web\CController.php(286): CController->runAction(Object(CInlineAction))
#10 C:\wamp\www\screen\framework\web\CController.php(265): CController->runActionWithFilters(Object(CInlineAction), Array)
#11 C:\wamp\www\screen\framework\web\CWebApplication.php(282): CController->run('login')
#12 C:\wamp\www\screen\framework\web\CWebApplication.php(141): CWebApplication->runController('site/login')
#13 C:\wamp\www\screen\framework\base\CApplication.php(185): CWebApplication->processRequest()
#14 C:\wamp\www\screen\web\index.php(13): CApplication->run()
#15 {main}
REQUEST_URI=/screen/web/index.php/site/login
HTTP_REFERER=http://localhost/screen/web/index.php/site/login
---
2017/03/03 10:42:11 [error] [exception.CDbException] exception 'CDbException' with message 'Table "t_user" does not have a column named "username".' in C:\wamp\www\screen\framework\db\schema\CDbCommandBuilder.php:697
Stack trace:
#0 C:\wamp\www\screen\framework\db\ar\CActiveRecord.php(1523): CDbCommandBuilder->createColumnCriteria(Object(CMysqlTableSchema), Array, '', Array, '`t`.')
#1 C:\wamp\www\screen\web\protected\components\UserIdentity.php(34): CActiveRecord->findByAttributes(Array)
#2 C:\wamp\www\screen\web\protected\models\LoginForm.php(52): UserIdentity->authenticate()
#3 C:\wamp\www\screen\framework\validators\CInlineValidator.php(42): LoginForm->authenticate('password', Array)
#4 C:\wamp\www\screen\framework\validators\CValidator.php(201): CInlineValidator->validateAttribute(Object(LoginForm), 'password')
#5 C:\wamp\www\screen\framework\base\CModel.php(159): CValidator->validate(Object(LoginForm), NULL)
#6 C:\wamp\www\screen\web\protected\controllers\SiteController.php(94): CModel->validate()
#7 C:\wamp\www\screen\framework\web\actions\CInlineAction.php(49): SiteController->actionLogin()
#8 C:\wamp\www\screen\framework\web\CController.php(308): CInlineAction->runWithParams(Array)
#9 C:\wamp\www\screen\framework\web\CController.php(286): CController->runAction(Object(CInlineAction))
#10 C:\wamp\www\screen\framework\web\CController.php(265): CController->runActionWithFilters(Object(CInlineAction), Array)
#11 C:\wamp\www\screen\framework\web\CWebApplication.php(282): CController->run('login')
#12 C:\wamp\www\screen\framework\web\CWebApplication.php(141): CWebApplication->runController('site/login')
#13 C:\wamp\www\screen\framework\base\CApplication.php(185): CWebApplication->processRequest()
#14 C:\wamp\www\screen\web\index.php(13): CApplication->run()
#15 {main}
REQUEST_URI=/screen/web/index.php/site/login
HTTP_REFERER=http://localhost/screen/web/index.php/site/login
---
2017/03/03 10:42:43 [error] [exception.CException] exception 'CException' with message 'Property "UserIdentity._id" is not defined.' in C:\wamp\www\screen\framework\base\CComponent.php:173
Stack trace:
#0 C:\wamp\www\screen\web\protected\components\UserIdentity.php(44): CComponent->__set('_id', '1')
#1 C:\wamp\www\screen\web\protected\models\LoginForm.php(52): UserIdentity->authenticate()
#2 C:\wamp\www\screen\framework\validators\CInlineValidator.php(42): LoginForm->authenticate('password', Array)
#3 C:\wamp\www\screen\framework\validators\CValidator.php(201): CInlineValidator->validateAttribute(Object(LoginForm), 'password')
#4 C:\wamp\www\screen\framework\base\CModel.php(159): CValidator->validate(Object(LoginForm), NULL)
#5 C:\wamp\www\screen\web\protected\controllers\SiteController.php(94): CModel->validate()
#6 C:\wamp\www\screen\framework\web\actions\CInlineAction.php(49): SiteController->actionLogin()
#7 C:\wamp\www\screen\framework\web\CController.php(308): CInlineAction->runWithParams(Array)
#8 C:\wamp\www\screen\framework\web\CController.php(286): CController->runAction(Object(CInlineAction))
#9 C:\wamp\www\screen\framework\web\CController.php(265): CController->runActionWithFilters(Object(CInlineAction), Array)
#10 C:\wamp\www\screen\framework\web\CWebApplication.php(282): CController->run('login')
#11 C:\wamp\www\screen\framework\web\CWebApplication.php(141): CWebApplication->runController('site/login')
#12 C:\wamp\www\screen\framework\base\CApplication.php(185): CWebApplication->processRequest()
#13 C:\wamp\www\screen\web\index.php(13): CApplication->run()
#14 {main}
REQUEST_URI=/screen/web/index.php/site/login
HTTP_REFERER=http://localhost/screen/web/index.php/site/login
---
2017/03/03 11:24:09 [error] [exception.CHttpException.404] exception 'CHttpException' with message 'The system is unable to find the requested action "index.php".' in C:\wamp\www\screen\framework\web\CController.php:483
Stack trace:
#0 C:\wamp\www\screen\framework\web\CController.php(270): CController->missingAction('index.php')
#1 C:\wamp\www\screen\framework\web\CWebApplication.php(282): CController->run('index.php')
#2 C:\wamp\www\screen\framework\web\CWebApplication.php(141): CWebApplication->runController('site/index.php/...')
#3 C:\wamp\www\screen\framework\base\CApplication.php(185): CWebApplication->processRequest()
#4 C:\wamp\www\screen\web\index.php(13): CApplication->run()
#5 {main}
REQUEST_URI=/screen/web/index.php/site/index.php/site/contact
HTTP_REFERER=http://localhost/screen/web/index.php/site/login
---
2017/03/03 11:24:12 [error] [exception.CHttpException.404] exception 'CHttpException' with message 'The system is unable to find the requested action "index.php".' in C:\wamp\www\screen\framework\web\CController.php:483
Stack trace:
#0 C:\wamp\www\screen\framework\web\CController.php(270): CController->missingAction('index.php')
#1 C:\wamp\www\screen\framework\web\CWebApplication.php(282): CController->run('index.php')
#2 C:\wamp\www\screen\framework\web\CWebApplication.php(141): CWebApplication->runController('site/index.php/...')
#3 C:\wamp\www\screen\framework\base\CApplication.php(185): CWebApplication->processRequest()
#4 C:\wamp\www\screen\web\index.php(13): CApplication->run()
#5 {main}
REQUEST_URI=/screen/web/index.php/site/index.php/site/contact
HTTP_REFERER=http://localhost/screen/web/index.php/site/login
---
2017/03/03 11:24:15 [error] [exception.CHttpException.404] exception 'CHttpException' with message 'The system is unable to find the requested action "index.php".' in C:\wamp\www\screen\framework\web\CController.php:483
Stack trace:
#0 C:\wamp\www\screen\framework\web\CController.php(270): CController->missingAction('index.php')
#1 C:\wamp\www\screen\framework\web\CWebApplication.php(282): CController->run('index.php')
#2 C:\wamp\www\screen\framework\web\CWebApplication.php(141): CWebApplication->runController('site/index.php/...')
#3 C:\wamp\www\screen\framework\base\CApplication.php(185): CWebApplication->processRequest()
#4 C:\wamp\www\screen\web\index.php(13): CApplication->run()
#5 {main}
REQUEST_URI=/screen/web/index.php/site/index.php/site/page
HTTP_REFERER=http://localhost/screen/web/index.php/site/login
---
2017/03/03 11:24:17 [error] [exception.CHttpException.404] exception 'CHttpException' with message 'The system is unable to find the requested action "index.php".' in C:\wamp\www\screen\framework\web\CController.php:483
Stack trace:
#0 C:\wamp\www\screen\framework\web\CController.php(270): CController->missingAction('index.php')
#1 C:\wamp\www\screen\framework\web\CWebApplication.php(282): CController->run('index.php')
#2 C:\wamp\www\screen\framework\web\CWebApplication.php(141): CWebApplication->runController('site/index.php/...')
#3 C:\wamp\www\screen\framework\base\CApplication.php(185): CWebApplication->processRequest()
#4 C:\wamp\www\screen\web\index.php(13): CApplication->run()
#5 {main}
REQUEST_URI=/screen/web/index.php/site/index.php/site/login
HTTP_REFERER=http://localhost/screen/web/index.php/site/login
---
2017/03/03 11:24:20 [error] [exception.CHttpException.404] exception 'CHttpException' with message 'The system is unable to find the requested action "index.php".' in C:\wamp\www\screen\framework\web\CController.php:483
Stack trace:
#0 C:\wamp\www\screen\framework\web\CController.php(270): CController->missingAction('index.php')
#1 C:\wamp\www\screen\framework\web\CWebApplication.php(282): CController->run('index.php')
#2 C:\wamp\www\screen\framework\web\CWebApplication.php(141): CWebApplication->runController('site/index.php/...')
#3 C:\wamp\www\screen\framework\base\CApplication.php(185): CWebApplication->processRequest()
#4 C:\wamp\www\screen\web\index.php(13): CApplication->run()
#5 {main}
REQUEST_URI=/screen/web/index.php/site/index.php/site/index
HTTP_REFERER=http://localhost/screen/web/index.php/site/login
---
2017/03/03 11:24:38 [error] [exception.CHttpException.404] exception 'CHttpException' with message 'The requested view "index" was not found.' in C:\wamp\www\screen\framework\web\actions\CViewAction.php:112
Stack trace:
#0 C:\wamp\www\screen\framework\web\actions\CViewAction.php(123): CViewAction->resolveView('index')
#1 C:\wamp\www\screen\framework\web\actions\CAction.php(76): CViewAction->run()
#2 C:\wamp\www\screen\framework\web\CController.php(308): CAction->runWithParams(Array)
#3 C:\wamp\www\screen\framework\web\CController.php(286): CController->runAction(Object(CViewAction))
#4 C:\wamp\www\screen\framework\web\CController.php(265): CController->runActionWithFilters(Object(CViewAction), Array)
#5 C:\wamp\www\screen\framework\web\CWebApplication.php(282): CController->run('page')
#6 C:\wamp\www\screen\framework\web\CWebApplication.php(141): CWebApplication->runController('site/page')
#7 C:\wamp\www\screen\framework\base\CApplication.php(185): CWebApplication->processRequest()
#8 C:\wamp\www\screen\web\index.php(13): CApplication->run()
#9 {main}
REQUEST_URI=/screen/web/index.php/site/page
HTTP_REFERER=http://localhost/screen/web/index.php
---
2017/03/03 11:24:43 [error] [exception.CHttpException.404] exception 'CHttpException' with message 'The system is unable to find the requested action "index.php".' in C:\wamp\www\screen\framework\web\CController.php:483
Stack trace:
#0 C:\wamp\www\screen\framework\web\CController.php(270): CController->missingAction('index.php')
#1 C:\wamp\www\screen\framework\web\CWebApplication.php(282): CController->run('index.php')
#2 C:\wamp\www\screen\framework\web\CWebApplication.php(141): CWebApplication->runController('site/index.php/...')
#3 C:\wamp\www\screen\framework\base\CApplication.php(185): CWebApplication->processRequest()
#4 C:\wamp\www\screen\web\index.php(13): CApplication->run()
#5 {main}
REQUEST_URI=/screen/web/index.php/site/index.php/site/index
HTTP_REFERER=http://localhost/screen/web/index.php/site/contact
---
2017/03/03 11:25:33 [error] [exception.CHttpException.404] exception 'CHttpException' with message 'The requested view "index" was not found.' in C:\wamp\www\screen\framework\web\actions\CViewAction.php:112
Stack trace:
#0 C:\wamp\www\screen\framework\web\actions\CViewAction.php(123): CViewAction->resolveView('index')
#1 C:\wamp\www\screen\framework\web\actions\CAction.php(76): CViewAction->run()
#2 C:\wamp\www\screen\framework\web\CController.php(308): CAction->runWithParams(Array)
#3 C:\wamp\www\screen\framework\web\CController.php(286): CController->runAction(Object(CViewAction))
#4 C:\wamp\www\screen\framework\web\CController.php(265): CController->runActionWithFilters(Object(CViewAction), Array)
#5 C:\wamp\www\screen\framework\web\CWebApplication.php(282): CController->run('page')
#6 C:\wamp\www\screen\framework\web\CWebApplication.php(141): CWebApplication->runController('site/page')
#7 C:\wamp\www\screen\framework\base\CApplication.php(185): CWebApplication->processRequest()
#8 C:\wamp\www\screen\web\index.php(13): CApplication->run()
#9 {main}
REQUEST_URI=/screen/web/index.php/site/page
HTTP_REFERER=http://localhost/screen/web/index.php/site/contact
---
2017/03/03 11:25:36 [error] [exception.CHttpException.404] exception 'CHttpException' with message 'The requested view "index" was not found.' in C:\wamp\www\screen\framework\web\actions\CViewAction.php:112
Stack trace:
#0 C:\wamp\www\screen\framework\web\actions\CViewAction.php(123): CViewAction->resolveView('index')
#1 C:\wamp\www\screen\framework\web\actions\CAction.php(76): CViewAction->run()
#2 C:\wamp\www\screen\framework\web\CController.php(308): CAction->runWithParams(Array)
#3 C:\wamp\www\screen\framework\web\CController.php(286): CController->runAction(Object(CViewAction))
#4 C:\wamp\www\screen\framework\web\CController.php(265): CController->runActionWithFilters(Object(CViewAction), Array)
#5 C:\wamp\www\screen\framework\web\CWebApplication.php(282): CController->run('page')
#6 C:\wamp\www\screen\framework\web\CWebApplication.php(141): CWebApplication->runController('site/page')
#7 C:\wamp\www\screen\framework\base\CApplication.php(185): CWebApplication->processRequest()
#8 C:\wamp\www\screen\web\index.php(13): CApplication->run()
#9 {main}
REQUEST_URI=/screen/web/index.php/site/page
HTTP_REFERER=http://localhost/screen/web/index.php/site/contact
---
2017/03/03 11:25:41 [error] [exception.CHttpException.404] exception 'CHttpException' with message 'The requested view "index" was not found.' in C:\wamp\www\screen\framework\web\actions\CViewAction.php:112
Stack trace:
#0 C:\wamp\www\screen\framework\web\actions\CViewAction.php(123): CViewAction->resolveView('index')
#1 C:\wamp\www\screen\framework\web\actions\CAction.php(76): CViewAction->run()
#2 C:\wamp\www\screen\framework\web\CController.php(308): CAction->runWithParams(Array)
#3 C:\wamp\www\screen\framework\web\CController.php(286): CController->runAction(Object(CViewAction))
#4 C:\wamp\www\screen\framework\web\CController.php(265): CController->runActionWithFilters(Object(CViewAction), Array)
#5 C:\wamp\www\screen\framework\web\CWebApplication.php(282): CController->run('page')
#6 C:\wamp\www\screen\framework\web\CWebApplication.php(141): CWebApplication->runController('site/page/about')
#7 C:\wamp\www\screen\framework\base\CApplication.php(185): CWebApplication->processRequest()
#8 C:\wamp\www\screen\web\index.php(13): CApplication->run()
#9 {main}
REQUEST_URI=/screen/web/index.php/site/page/about
---
2017/03/03 11:25:47 [error] [exception.CHttpException.404] exception 'CHttpException' with message 'Unable to resolve the request "about".' in C:\wamp\www\screen\framework\web\CWebApplication.php:286
Stack trace:
#0 C:\wamp\www\screen\framework\web\CWebApplication.php(141): CWebApplication->runController('about')
#1 C:\wamp\www\screen\framework\base\CApplication.php(185): CWebApplication->processRequest()
#2 C:\wamp\www\screen\web\index.php(13): CApplication->run()
#3 {main}
REQUEST_URI=/screen/web/index.php/site/page?r=about
---
2017/03/03 11:26:24 [error] [exception.CHttpException.404] exception 'CHttpException' with message 'The requested view "index" was not found.' in C:\wamp\www\screen\framework\web\actions\CViewAction.php:112
Stack trace:
#0 C:\wamp\www\screen\framework\web\actions\CViewAction.php(123): CViewAction->resolveView('index')
#1 C:\wamp\www\screen\framework\web\actions\CAction.php(76): CViewAction->run()
#2 C:\wamp\www\screen\framework\web\CController.php(308): CAction->runWithParams(Array)
#3 C:\wamp\www\screen\framework\web\CController.php(286): CController->runAction(Object(CViewAction))
#4 C:\wamp\www\screen\framework\web\CController.php(265): CController->runActionWithFilters(Object(CViewAction), Array)
#5 C:\wamp\www\screen\framework\web\CWebApplication.php(282): CController->run('page')
#6 C:\wamp\www\screen\framework\web\CWebApplication.php(141): CWebApplication->runController('site/page/about')
#7 C:\wamp\www\screen\framework\base\CApplication.php(185): CWebApplication->processRequest()
#8 C:\wamp\www\screen\web\index.php(13): CApplication->run()
#9 {main}
REQUEST_URI=/screen/web/index.php/site/page/about
---
2017/03/03 11:26:30 [error] [exception.CHttpException.404] exception 'CHttpException' with message 'The requested view "index" was not found.' in C:\wamp\www\screen\framework\web\actions\CViewAction.php:112
Stack trace:
#0 C:\wamp\www\screen\framework\web\actions\CViewAction.php(123): CViewAction->resolveView('index')
#1 C:\wamp\www\screen\framework\web\actions\CAction.php(76): CViewAction->run()
#2 C:\wamp\www\screen\framework\web\CController.php(308): CAction->runWithParams(Array)
#3 C:\wamp\www\screen\framework\web\CController.php(286): CController->runAction(Object(CViewAction))
#4 C:\wamp\www\screen\framework\web\CController.php(265): CController->runActionWithFilters(Object(CViewAction), Array)
#5 C:\wamp\www\screen\framework\web\CWebApplication.php(282): CController->run('page')
#6 C:\wamp\www\screen\framework\web\CWebApplication.php(141): CWebApplication->runController('site/page/about')
#7 C:\wamp\www\screen\framework\base\CApplication.php(185): CWebApplication->processRequest()
#8 C:\wamp\www\screen\web\index.php(13): CApplication->run()
#9 {main}
REQUEST_URI=/screen/web/index.php/site/page/about
HTTP_REFERER=http://localhost/screen/web/index.php/
---
2017/03/03 11:45:38 [error] [exception.CException] exception 'CException' with message 'SiteController contains improperly nested widget tags in its view "C:\wamp\www\screen\web\protected\views\site\login.php". A CActiveForm widget does not have an endWidget() call.' in C:\wamp\www\screen\framework\web\CBaseController.php:101
Stack trace:
#0 C:\wamp\www\screen\framework\web\CController.php(869): CBaseController->renderFile('C:\\wamp\\www\\scr...', Array, true)
#1 C:\wamp\www\screen\framework\web\CController.php(782): CController->renderPartial('login', Array, true)
#2 C:\wamp\www\screen\web\protected\controllers\SiteController.php(103): CController->render('login', Array)
#3 C:\wamp\www\screen\web\protected\controllers\SiteController.php(35): SiteController->actionLogin()
#4 C:\wamp\www\screen\framework\web\actions\CInlineAction.php(49): SiteController->actionIndex()
#5 C:\wamp\www\screen\framework\web\CController.php(308): CInlineAction->runWithParams(Array)
#6 C:\wamp\www\screen\framework\web\CController.php(286): CController->runAction(Object(CInlineAction))
#7 C:\wamp\www\screen\framework\web\CController.php(265): CController->runActionWithFilters(Object(CInlineAction), Array)
#8 C:\wamp\www\screen\framework\web\CWebApplication.php(282): CController->run('')
#9 C:\wamp\www\screen\framework\web\CWebApplication.php(141): CWebApplication->runController('')
#10 C:\wamp\www\screen\framework\base\CApplication.php(185): CWebApplication->processRequest()
#11 C:\wamp\www\screen\web\index.php(13): CApplication->run()
#12 {main}
REQUEST_URI=/screen/web/index.php
HTTP_REFERER=http://localhost/screen/web/index.php
---
2017/03/03 11:56:46 [error] [php] htmlspecialchars() expects parameter 1 to be string, array given (C:\wamp\www\screen\framework\web\helpers\CHtml.php:108)
Stack trace:
#0 C:\wamp\www\screen\framework\web\helpers\CHtml.php(163): renderAttributes()
#1 C:\wamp\www\screen\framework\web\helpers\CHtml.php(2455): tag()
#2 C:\wamp\www\screen\framework\web\helpers\CHtml.php(1534): activeInputField()
#3 C:\wamp\www\screen\framework\web\widgets\CActiveForm.php(792): activeTextField()
#4 C:\wamp\www\screen\web\protected\views\site\login.php(30): CActiveForm->textField()
#5 C:\wamp\www\screen\framework\web\CBaseController.php(126): require()
#6 C:\wamp\www\screen\framework\web\CBaseController.php(95): SiteController->renderInternal()
#7 C:\wamp\www\screen\framework\web\CController.php(869): SiteController->renderFile()
#8 C:\wamp\www\screen\framework\web\CController.php(782): SiteController->renderPartial()
#9 C:\wamp\www\screen\web\protected\controllers\SiteController.php(103): SiteController->render()
#10 C:\wamp\www\screen\web\protected\controllers\SiteController.php(35): SiteController->actionLogin()
#11 C:\wamp\www\screen\framework\web\actions\CInlineAction.php(49): SiteController->actionIndex()
#12 C:\wamp\www\screen\framework\web\CController.php(308): CInlineAction->runWithParams()
#13 C:\wamp\www\screen\framework\web\CController.php(286): SiteController->runAction()
#14 C:\wamp\www\screen\framework\web\CController.php(265): SiteController->runActionWithFilters()
#15 C:\wamp\www\screen\framework\web\CWebApplication.php(282): SiteController->run()
#16 C:\wamp\www\screen\framework\web\CWebApplication.php(141): CWebApplication->runController()
#17 C:\wamp\www\screen\framework\base\CApplication.php(185): CWebApplication->processRequest()
#18 C:\wamp\www\screen\web\index.php(13): CWebApplication->run()
REQUEST_URI=/screen/web/index.php
in C:\wamp\www\screen\web\protected\views\site\login.php (30)
in C:\wamp\www\screen\web\protected\controllers\SiteController.php (103)
in C:\wamp\www\screen\web\protected\controllers\SiteController.php (35)
2017/03/03 12:32:02 [error] [exception.CException] exception 'CException' with message 'Property "CWebUser.user_name" is not defined.' in C:\wamp\www\screen\framework\base\CComponent.php:130
Stack trace:
#0 C:\wamp\www\screen\framework\web\auth\CWebUser.php(146): CComponent->__get('user_name')
#1 C:\wamp\www\screen\web\protected\views\layouts\body.php(169): CWebUser->__get('user_name')
#2 C:\wamp\www\screen\web\protected\views\layouts\main.php(3): require_once('C:\\wamp\\www\\scr...')
#3 C:\wamp\www\screen\framework\web\CBaseController.php(126): require('C:\\wamp\\www\\scr...')
#4 C:\wamp\www\screen\framework\web\CBaseController.php(95): CBaseController->renderInternal('C:\\wamp\\www\\scr...', Array, true)
#5 C:\wamp\www\screen\framework\web\widgets\CContentDecorator.php(76): CBaseController->renderFile('C:\\wamp\\www\\scr...', Array, true)
#6 C:\wamp\www\screen\framework\web\widgets\CContentDecorator.php(54): CContentDecorator->decorate('<div id="conten...')
#7 C:\wamp\www\screen\framework\web\widgets\COutputProcessor.php(44): CContentDecorator->processOutput('<div id="conten...')
#8 C:\wamp\www\screen\framework\web\CBaseController.php(214): COutputProcessor->run()
#9 C:\wamp\www\screen\framework\web\CBaseController.php(308): CBaseController->endWidget('CContentDecorat...')
#10 C:\wamp\www\screen\web\protected\views\layouts\column1.php(6): CBaseController->endContent()
#11 C:\wamp\www\screen\framework\web\CBaseController.php(126): require('C:\\wamp\\www\\scr...')
#12 C:\wamp\www\screen\framework\web\CBaseController.php(95): CBaseController->renderInternal('C:\\wamp\\www\\scr...', Array, true)
#13 C:\wamp\www\screen\framework\web\CController.php(784): CBaseController->renderFile('C:\\wamp\\www\\scr...', Array, true)
#14 C:\wamp\www\screen\web\protected\controllers\SiteController.php(32): CController->render('index')
#15 C:\wamp\www\screen\framework\web\actions\CInlineAction.php(49): SiteController->actionIndex()
#16 C:\wamp\www\screen\framework\web\CController.php(308): CInlineAction->runWithParams(Array)
#17 C:\wamp\www\screen\framework\web\CController.php(286): CController->runAction(Object(CInlineAction))
#18 C:\wamp\www\screen\framework\web\CController.php(265): CController->runActionWithFilters(Object(CInlineAction), Array)
#19 C:\wamp\www\screen\framework\web\CWebApplication.php(282): CController->run('')
#20 C:\wamp\www\screen\framework\web\CWebApplication.php(141): CWebApplication->runController('')
#21 C:\wamp\www\screen\framework\base\CApplication.php(185): CWebApplication->processRequest()
#22 C:\wamp\www\screen\web\index.php(13): CApplication->run()
#23 {main}
REQUEST_URI=/screen/web/index.php
HTTP_REFERER=http://localhost/screen/web/index.php
---
2017/03/03 13:31:00 [error] [exception.CHttpException.403] exception 'CHttpException' with message 'You are not authorized to perform this action.' in C:\wamp\www\screen\framework\web\auth\CAccessControlFilter.php:182
Stack trace:
#0 C:\wamp\www\screen\framework\web\auth\CAccessControlFilter.php(145): CAccessControlFilter->accessDenied(Object(CWebUser), 'You are not aut...')
#1 C:\wamp\www\screen\framework\web\filters\CFilter.php(38): CAccessControlFilter->preFilter(Object(CFilterChain))
#2 C:\wamp\www\screen\framework\web\CController.php(1145): CFilter->filter(Object(CFilterChain))
#3 C:\wamp\www\screen\framework\web\filters\CInlineFilter.php(58): CController->filterAccessControl(Object(CFilterChain))
#4 C:\wamp\www\screen\framework\web\filters\CFilterChain.php(130): CInlineFilter->filter(Object(CFilterChain))
#5 C:\wamp\www\screen\framework\web\CController.php(291): CFilterChain->run()
#6 C:\wamp\www\screen\framework\web\CController.php(265): CController->runActionWithFilters(Object(CInlineAction), Array)
#7 C:\wamp\www\screen\framework\web\CWebApplication.php(282): CController->run('admin')
#8 C:\wamp\www\screen\framework\web\CWebApplication.php(141): CWebApplication->runController('user/admin')
#9 C:\wamp\www\screen\framework\base\CApplication.php(185): CWebApplication->processRequest()
#10 C:\wamp\www\screen\web\index.php(13): CApplication->run()
#11 {main}
REQUEST_URI=/screen/web/index.php/user/admin
HTTP_REFERER=http://localhost/screen/web/index.php/user
---
2017/03/03 13:31:18 [error] [exception.CHttpException.403] exception 'CHttpException' with message 'You are not authorized to perform this action.' in C:\wamp\www\screen\framework\web\auth\CAccessControlFilter.php:182
Stack trace:
#0 C:\wamp\www\screen\framework\web\auth\CAccessControlFilter.php(145): CAccessControlFilter->accessDenied(Object(CWebUser), 'You are not aut...')
#1 C:\wamp\www\screen\framework\web\filters\CFilter.php(38): CAccessControlFilter->preFilter(Object(CFilterChain))
#2 C:\wamp\www\screen\framework\web\CController.php(1145): CFilter->filter(Object(CFilterChain))
#3 C:\wamp\www\screen\framework\web\filters\CInlineFilter.php(58): CController->filterAccessControl(Object(CFilterChain))
#4 C:\wamp\www\screen\framework\web\filters\CFilterChain.php(130): CInlineFilter->filter(Object(CFilterChain))
#5 C:\wamp\www\screen\framework\web\CController.php(291): CFilterChain->run()
#6 C:\wamp\www\screen\framework\web\CController.php(265): CController->runActionWithFilters(Object(CInlineAction), Array)
#7 C:\wamp\www\screen\framework\web\CWebApplication.php(282): CController->run('admin')
#8 C:\wamp\www\screen\framework\web\CWebApplication.php(141): CWebApplication->runController('user/admin')
#9 C:\wamp\www\screen\framework\base\CApplication.php(185): CWebApplication->processRequest()
#10 C:\wamp\www\screen\web\index.php(13): CApplication->run()
#11 {main}
REQUEST_URI=/screen/web/index.php/user/admin
HTTP_REFERER=http://localhost/screen/web/index.php/user/create
---
2017/03/03 13:43:12 [error] [exception.CHttpException.403] exception 'CHttpException' with message 'You are not authorized to perform this action.' in C:\wamp\www\screen\framework\web\auth\CAccessControlFilter.php:182
Stack trace:
#0 C:\wamp\www\screen\framework\web\auth\CAccessControlFilter.php(145): CAccessControlFilter->accessDenied(Object(CWebUser), 'You are not aut...')
#1 C:\wamp\www\screen\framework\web\filters\CFilter.php(38): CAccessControlFilter->preFilter(Object(CFilterChain))
#2 C:\wamp\www\screen\framework\web\CController.php(1145): CFilter->filter(Object(CFilterChain))
#3 C:\wamp\www\screen\framework\web\filters\CInlineFilter.php(58): CController->filterAccessControl(Object(CFilterChain))
#4 C:\wamp\www\screen\framework\web\filters\CFilterChain.php(130): CInlineFilter->filter(Object(CFilterChain))
#5 C:\wamp\www\screen\framework\web\CController.php(291): CFilterChain->run()
#6 C:\wamp\www\screen\framework\web\CController.php(265): CController->runActionWithFilters(Object(CInlineAction), Array)
#7 C:\wamp\www\screen\framework\web\CWebApplication.php(282): CController->run('admin')
#8 C:\wamp\www\screen\framework\web\CWebApplication.php(141): CWebApplication->runController('user/admin')
#9 C:\wamp\www\screen\framework\base\CApplication.php(185): CWebApplication->processRequest()
#10 C:\wamp\www\screen\web\index.php(13): CApplication->run()
#11 {main}
REQUEST_URI=/screen/web/index.php/user/admin
HTTP_REFERER=http://localhost/screen/web/index.php/user/
---
2017/03/03 13:43:53 [error] [system.db.CDbCommand] CDbCommand::execute() failed: SQLSTATE[23000]: Integrity constraint violation: 1452 Cannot add or update a child row: a foreign key constraint fails (`screen`.`t_user`, CONSTRAINT `user_type` FOREIGN KEY (`user_type`) REFERENCES `t_typeuser` (`id`) ON DELETE NO ACTION ON UPDATE NO ACTION). The SQL statement executed was: INSERT INTO `t_user` (`user_type`, `user_info`, `user_perms`, `sup_user`, `user_name`, `user_surname`, `user_email`, `salt_password`, `user_password`) VALUES (:yp0, :yp1, :yp2, :yp3, :yp4, :yp5, :yp6, :yp7, :yp8).
in C:\wamp\www\screen\web\protected\controllers\UserController.php (73)
in C:\wamp\www\screen\web\index.php (13)
2017/03/03 13:43:53 [error] [exception.CDbException] exception 'CDbException' with message 'CDbCommand failed to execute the SQL statement: SQLSTATE[23000]: Integrity constraint violation: 1452 Cannot add or update a child row: a foreign key constraint fails (`screen`.`t_user`, CONSTRAINT `user_type` FOREIGN KEY (`user_type`) REFERENCES `t_typeuser` (`id`) ON DELETE NO ACTION ON UPDATE NO ACTION). The SQL statement executed was: INSERT INTO `t_user` (`user_type`, `user_info`, `user_perms`, `sup_user`, `user_name`, `user_surname`, `user_email`, `salt_password`, `user_password`) VALUES (:yp0, :yp1, :yp2, :yp3, :yp4, :yp5, :yp6, :yp7, :yp8)' in C:\wamp\www\screen\framework\db\CDbCommand.php:358
Stack trace:
#0 C:\wamp\www\screen\framework\db\ar\CActiveRecord.php(1080): CDbCommand->execute()
#1 C:\wamp\www\screen\framework\db\ar\CActiveRecord.php(809): CActiveRecord->insert(NULL)
#2 C:\wamp\www\screen\web\protected\controllers\UserController.php(73): CActiveRecord->save()
#3 C:\wamp\www\screen\framework\web\actions\CInlineAction.php(49): UserController->actionCreate()
#4 C:\wamp\www\screen\framework\web\CController.php(308): CInlineAction->runWithParams(Array)
#5 C:\wamp\www\screen\framework\web\filters\CFilterChain.php(133): CController->runAction(Object(CInlineAction))
#6 C:\wamp\www\screen\framework\web\filters\CFilter.php(40): CFilterChain->run()
#7 C:\wamp\www\screen\framework\web\CController.php(1145): CFilter->filter(Object(CFilterChain))
#8 C:\wamp\www\screen\framework\web\filters\CInlineFilter.php(58): CController->filterAccessControl(Object(CFilterChain))
#9 C:\wamp\www\screen\framework\web\filters\CFilterChain.php(130): CInlineFilter->filter(Object(CFilterChain))
#10 C:\wamp\www\screen\framework\web\CController.php(291): CFilterChain->run()
#11 C:\wamp\www\screen\framework\web\CController.php(265): CController->runActionWithFilters(Object(CInlineAction), Array)
#12 C:\wamp\www\screen\framework\web\CWebApplication.php(282): CController->run('create')
#13 C:\wamp\www\screen\framework\web\CWebApplication.php(141): CWebApplication->runController('user/create')
#14 C:\wamp\www\screen\framework\base\CApplication.php(185): CWebApplication->processRequest()
#15 C:\wamp\www\screen\web\index.php(13): CApplication->run()
#16 {main}
REQUEST_URI=/screen/web/index.php/user/create
HTTP_REFERER=http://localhost/screen/web/index.php/user/create
---
2017/03/03 13:44:42 [error] [system.db.CDbCommand] CDbCommand::execute() failed: SQLSTATE[23000]: Integrity constraint violation: 1452 Cannot add or update a child row: a foreign key constraint fails (`screen`.`t_user`, CONSTRAINT `user_type` FOREIGN KEY (`user_type`) REFERENCES `t_typeuser` (`id`) ON DELETE NO ACTION ON UPDATE NO ACTION). The SQL statement executed was: INSERT INTO `t_user` (`user_type`, `user_info`, `user_perms`, `sup_user`, `user_name`, `user_surname`, `user_email`, `user_password`, `salt_password`) VALUES (:yp0, :yp1, :yp2, :yp3, :yp4, :yp5, :yp6, :yp7, :yp8).
in C:\wamp\www\screen\web\protected\controllers\UserController.php (73)
in C:\wamp\www\screen\web\index.php (13)
2017/03/03 13:44:42 [error] [exception.CDbException] exception 'CDbException' with message 'CDbCommand failed to execute the SQL statement: SQLSTATE[23000]: Integrity constraint violation: 1452 Cannot add or update a child row: a foreign key constraint fails (`screen`.`t_user`, CONSTRAINT `user_type` FOREIGN KEY (`user_type`) REFERENCES `t_typeuser` (`id`) ON DELETE NO ACTION ON UPDATE NO ACTION). The SQL statement executed was: INSERT INTO `t_user` (`user_type`, `user_info`, `user_perms`, `sup_user`, `user_name`, `user_surname`, `user_email`, `user_password`, `salt_password`) VALUES (:yp0, :yp1, :yp2, :yp3, :yp4, :yp5, :yp6, :yp7, :yp8)' in C:\wamp\www\screen\framework\db\CDbCommand.php:358
Stack trace:
#0 C:\wamp\www\screen\framework\db\ar\CActiveRecord.php(1080): CDbCommand->execute()
#1 C:\wamp\www\screen\framework\db\ar\CActiveRecord.php(809): CActiveRecord->insert(NULL)
#2 C:\wamp\www\screen\web\protected\controllers\UserController.php(73): CActiveRecord->save()
#3 C:\wamp\www\screen\framework\web\actions\CInlineAction.php(49): UserController->actionCreate()
#4 C:\wamp\www\screen\framework\web\CController.php(308): CInlineAction->runWithParams(Array)
#5 C:\wamp\www\screen\framework\web\filters\CFilterChain.php(133): CController->runAction(Object(CInlineAction))
#6 C:\wamp\www\screen\framework\web\filters\CFilter.php(40): CFilterChain->run()
#7 C:\wamp\www\screen\framework\web\CController.php(1145): CFilter->filter(Object(CFilterChain))
#8 C:\wamp\www\screen\framework\web\filters\CInlineFilter.php(58): CController->filterAccessControl(Object(CFilterChain))
#9 C:\wamp\www\screen\framework\web\filters\CFilterChain.php(130): CInlineFilter->filter(Object(CFilterChain))
#10 C:\wamp\www\screen\framework\web\CController.php(291): CFilterChain->run()
#11 C:\wamp\www\screen\framework\web\CController.php(265): CController->runActionWithFilters(Object(CInlineAction), Array)
#12 C:\wamp\www\screen\framework\web\CWebApplication.php(282): CController->run('create')
#13 C:\wamp\www\screen\framework\web\CWebApplication.php(141): CWebApplication->runController('user/create')
#14 C:\wamp\www\screen\framework\base\CApplication.php(185): CWebApplication->processRequest()
#15 C:\wamp\www\screen\web\index.php(13): CApplication->run()
#16 {main}
REQUEST_URI=/screen/web/index.php/user/create
HTTP_REFERER=http://localhost/screen/web/index.php/user/create
---
